<?xml version="1.0" encoding="UTF-8"?>
<!-- Generated by org.testng.reporters.JUnitReportReporter -->
<testsuite hostname="LAPTOP-B5DT44ER" failures="0" tests="4" name="Exelwash_Test_Methods.ExelWash_Operations" time="70.483" errors="0" timestamp="2023-06-23T13:14:03 IST" skipped="0">
  <testcase classname="Exelwash_Test_Methods.ExelWash_Operations" name="enter_user_SignUp_Details" time="17.382"/>
  <system-out/>
  <testcase classname="Exelwash_Test_Methods.ExelWash_Operations" name="enter_user_Login_Details" time="14.910"/>
  <system-out/>
  <testcase classname="Exelwash_Test_Methods.ExelWash_Operations" name="click_On_Services" time="22.117"/>
  <system-out/>
  <testcase classname="Exelwash_Test_Methods.ExelWash_Operations" name="chacking_Home_Page_Functionality" time="16.074"/>
  <system-out/>
</testsuite> <!-- Exelwash_Test_Methods.ExelWash_Operations -->
