<?xml version="1.0" encoding="UTF-8"?>
<!-- Generated by org.testng.reporters.JUnitReportReporter -->
<testsuite hostname="LAPTOP-B5DT44ER" failures="0" tests="3" name="ExelWash_Pages.Pages_tset" time="48.822" errors="0" timestamp="2023-06-22T11:38:02 IST" skipped="0">
  <testcase classname="ExelWash_Pages.Pages_tset" name="Sign_up_page_Functionality" time="12.394"/>
  <system-out/>
  <testcase classname="ExelWash_Pages.Pages_tset" name="login_page_Functionality" time="5.314"/>
  <system-out/>
  <testcase classname="ExelWash_Pages.Pages_tset" name="Services_Functionality" time="31.114"/>
  <system-out/>
</testsuite> <!-- ExelWash_Pages.Pages_tset -->
