<?xml version="1.0" encoding="UTF-8"?>
<!-- Generated by org.testng.reporters.JUnitReportReporter -->
<testsuite hostname="LAPTOP-B5DT44ER" failures="0" tests="3" name="ExelWash_Pages.Exelwash_All_Pages" time="57.818" errors="0" timestamp="2023-06-22T15:57:06 IST" skipped="0">
  <testcase classname="ExelWash_Pages.Exelwash_All_Pages" name="Sign_up_page_Functionality" time="15.673"/>
  <system-out/>
  <testcase classname="ExelWash_Pages.Exelwash_All_Pages" name="login_page_Functionality" time="6.640"/>
  <system-out/>
  <testcase classname="ExelWash_Pages.Exelwash_All_Pages" name="Services_Functionality" time="35.505"/>
  <system-out/>
</testsuite> <!-- ExelWash_Pages.Exelwash_All_Pages -->
